<?xml version="1.0" encoding="UTF-8"?>
<!-- Generated by org.testng.reporters.JUnitReportReporter -->
<testsuite skipped="0" hostname="LAPTOP-3LHJJMDS" name="TestRunner" tests="2" failures="0" timestamp="2021-08-24T05:26:02 EDT" time="36.334" errors="0">
  <testcase name="runScenario" time="11.774" classname="TestRunner"/>
  <system-out/>
  <testcase name="runScenario" time="24.560" classname="TestRunner"/>
  <system-out/>
</testsuite> <!-- TestRunner -->
